<?xml version="1.0" encoding="UTF-8"?>
<!-- Generated by org.testng.reporters.JUnitReportReporter -->
<testsuite hostname="DESKTOP-7NV4AEE" failures="0" tests="2" name="com.restassured.tests.UserAPITest" time="4.096" errors="0" timestamp="2025-04-25T21:26:28 IST" skipped="0">
  <testcase classname="com.restassured.tests.UserAPITest" name="testGetPost" time="0.122"/>
  <system-out/>
  <testcase classname="com.restassured.tests.UserAPITest" name="testCreatePost" time="3.974"/>
  <system-out/>
</testsuite> <!-- com.restassured.tests.UserAPITest -->
